Start testing: Apr 10 12:01 IST
----------------------------------------------------------
1/1 Testing: CUnitTest
1/1 Test: CUnitTest
Command: "/home/octobotics/Desktop/Working/memory_management/my_alloc/build/unit_test"
Directory: /home/octobotics/Desktop/Working/memory_management/my_alloc/build
"CUnitTest" start time: Apr 10 12:01 IST
Output:
----------------------------------------------------------
[==========] Running 2 tests from 1 test suite.
[----------] Global test environment set-up.
[----------] 2 tests from testName
[ RUN      ] testName.subTestName1
[       OK ] testName.subTestName1 (0 ms)
[ RUN      ] testName.subTestName2
[       OK ] testName.subTestName2 (0 ms)
[----------] 2 tests from testName (0 ms total)

[----------] Global test environment tear-down
[==========] 2 tests from 1 test suite ran. (0 ms total)
[  PASSED  ] 2 tests.
<end of output>
Test time =   0.00 sec
----------------------------------------------------------
Test Passed.
"CUnitTest" end time: Apr 10 12:01 IST
"CUnitTest" time elapsed: 00:00:00
----------------------------------------------------------

End testing: Apr 10 12:01 IST
